<?xml version="1.0" encoding="UTF-8"?>
<!-- Generated by org.testng.reporters.JUnitReportReporter -->
<testsuite skipped="0" hostname="LAPTOP-UJMV62ID" name="com.testCase.Amaz" tests="2" failures="0" timestamp="21 Jul 2018 15:30:33 GMT" time="26.584" errors="0">
  <testcase name="BtnClick" time="8.475" classname="com.testCase.Amaz"/>
  <testcase name="titleTest" time="18.109" classname="com.testCase.Amaz"/>
</testsuite> <!-- com.testCase.Amaz -->
